<?xml version="1.0" encoding="UTF-8"?>
<!-- Generated by org.testng.reporters.JUnitXMLReporter -->
<testsuite hostname="Hang-PC" ignored="0" name="Change Password" tests="3" failures="0" timestamp="2020-05-12T16:59:17 ICT" time="51.929" errors="0">
  <testcase name="changePasswordWithIncorrectOldPassword" time="3.068" classname="com.hth.guru99bank.ChangePassword"/>
  <testcase name="changePasswordSuccess" time="2.8" classname="com.hth.guru99bank.ChangePassword"/>
  <testcase name="verifyUserCanLogInWithNewPassword" time="3.435" classname="com.hth.guru99bank.ChangePassword"/>
</testsuite> <!-- Change Password -->
